<?xml version="1.0" encoding="UTF-8"?>
<!-- Generated by org.testng.reporters.JUnitXMLReporter -->
<testsuite ignored="1" hostname="Snehals-HP14S" failures="0" tests="4" name="Default test" time="0.064" errors="0" timestamp="2024-10-15T18:42:08 IST">
  <testcase classname="practice_testNG.Multiple_Parameter" name="ghi" time="0.01"/>
  <testcase classname="practice_testNG.Multiple_Parameter" name="ghi" time="0.003"/>
  <testcase classname="practice_testNG.Multiple_Parameter" name="abc" time="0.003"/>
  <testcase classname="practice_testNG.Multiple_Parameter" name="jkl" time="0.001"/>
  <testcase classname="practice_testNG.Multiple_Parameter" name="def" time="0.0">
    <ignored/>
  </testcase> <!-- def -->
</testsuite> <!-- Default test -->
