<?xml version="1.0" encoding="UTF-8"?>
<!-- Generated by org.testng.reporters.JUnitXMLReporter -->
<testsuite ignored="1" hostname="Snehals-HP14S" failures="0" tests="3" name="Group" time="0.072" errors="0" timestamp="2024-10-15T18:33:20 IST">
  <testcase classname="practice_testNG.Parameter_Group" name="abc" time="0.01"/>
  <testcase classname="practice_testNG.Parameter_Group" name="def" time="0.001"/>
  <testcase classname="practice_testNG.Parameter_Group" name="xyz" time="0.002"/>
  <testcase classname="practice_testNG.Parameter_Group" name="ghi" time="0.0">
    <ignored/>
  </testcase> <!-- ghi -->
</testsuite> <!-- Group -->
